Using pre-set license
Built from '2021.3/staging' branch; Version is '2021.3.4f1 (cb45f9cae8b7) revision 13321721'; Using compiler version '192829333'; Build Type 'Release'
OS: 'Windows 10  (10.0.19043) 64bit Core' Language: 'en' Physical Memory: 16291 MB
BatchMode: 1, IsHumanControllingUs: 0, StartBugReporterOnCrash: 0, Is64bit: 1, IsPro: 1

COMMAND LINE ARGUMENTS:
C:\Program Files\Unity\Hub\Editor\2021.3.4f1\Editor\Unity.exe
-adb2
-batchMode
-noUpm
-name
AssetImportWorker0
-projectPath
D:/Unity Projects/KingdomOfBad
-logFile
Logs/AssetImportWorker0.log
-srvPort
64922
Successfully changed project path to: D:/Unity Projects/KingdomOfBad
D:/Unity Projects/KingdomOfBad
[UnityMemory] Configuration Parameters - Can be set up in boot.config
    "memorysetup-bucket-allocator-granularity=16"
    "memorysetup-bucket-allocator-bucket-count=8"
    "memorysetup-bucket-allocator-block-size=33554432"
    "memorysetup-bucket-allocator-block-count=8"
    "memorysetup-main-allocator-block-size=16777216"
    "memorysetup-thread-allocator-block-size=16777216"
    "memorysetup-gfx-main-allocator-block-size=16777216"
    "memorysetup-gfx-thread-allocator-block-size=16777216"
    "memorysetup-cache-allocator-block-size=4194304"
    "memorysetup-typetree-allocator-block-size=2097152"
    "memorysetup-profiler-bucket-allocator-granularity=16"
    "memorysetup-profiler-bucket-allocator-bucket-count=8"
    "memorysetup-profiler-bucket-allocator-block-size=33554432"
    "memorysetup-profiler-bucket-allocator-block-count=8"
    "memorysetup-profiler-allocator-block-size=16777216"
    "memorysetup-profiler-editor-allocator-block-size=1048576"
    "memorysetup-temp-allocator-size-main=16777216"
    "memorysetup-job-temp-allocator-block-size=2097152"
    "memorysetup-job-temp-allocator-block-size-background=1048576"
    "memorysetup-job-temp-allocator-reduction-small-platforms=262144"
    "memorysetup-temp-allocator-size-background-worker=32768"
    "memorysetup-temp-allocator-size-job-worker=262144"
    "memorysetup-temp-allocator-size-preload-manager=33554432"
    "memorysetup-temp-allocator-size-nav-mesh-worker=65536"
    "memorysetup-temp-allocator-size-audio-worker=65536"
    "memorysetup-temp-allocator-size-cloud-worker=32768"
    "memorysetup-temp-allocator-size-gi-baking-worker=262144"
    "memorysetup-temp-allocator-size-gfx=262144"
Refreshing native plugins compatible for Editor in 55.72 ms, found 3 plugins.
Preloading 0 native plugins for Editor in 0.00 ms.
Initialize engine version: 2021.3.4f1 (cb45f9cae8b7)
[Subsystems] Discovering subsystems at path C:/Program Files/Unity/Hub/Editor/2021.3.4f1/Editor/Data/Resources/UnitySubsystems
[Subsystems] Discovering subsystems at path D:/Unity Projects/KingdomOfBad/Assets
GfxDevice: creating device client; threaded=0; jobified=0
Direct3D:
    Version:  Direct3D 11.0 [level 11.1]
    Renderer: NVIDIA GeForce RTX 3070 (ID=0x2484)
    Vendor:   NVIDIA
    VRAM:     8043 MB
    Driver:   31.0.15.1640
Initialize mono
Mono path[0] = 'C:/Program Files/Unity/Hub/Editor/2021.3.4f1/Editor/Data/Managed'
Mono path[1] = 'C:/Program Files/Unity/Hub/Editor/2021.3.4f1/Editor/Data/MonoBleedingEdge/lib/mono/unityjit-win32'
Mono config path = 'C:/Program Files/Unity/Hub/Editor/2021.3.4f1/Editor/Data/MonoBleedingEdge/etc'
Using monoOptions --debugger-agent=transport=dt_socket,embedding=1,server=y,suspend=n,address=127.0.0.1:56816
Begin MonoManager ReloadAssembly
Registering precompiled unity dll's ...
Register platform support module: C:/Program Files/Unity/Hub/Editor/2021.3.4f1/Editor/Data/PlaybackEngines/WindowsStandaloneSupport/UnityEditor.WindowsStandalone.Extensions.dll
Registered in 0.006502 seconds.
Native extension for WindowsStandalone target not found
Refreshing native plugins compatible for Editor in 55.43 ms, found 3 plugins.
Preloading 0 native plugins for Editor in 0.00 ms.
Mono: successfully reloaded assembly
- Completed reload, in  0.491 seconds
Domain Reload Profiling:
	ReloadAssembly (491ms)
		BeginReloadAssembly (62ms)
			ExecutionOrderSort (0ms)
			DisableScriptedObjects (0ms)
			BackupInstance (0ms)
			ReleaseScriptingObjects (0ms)
			CreateAndSetChildDomain (1ms)
		EndReloadAssembly (339ms)
			LoadAssemblies (59ms)
			RebuildTransferFunctionScriptingTraits (0ms)
			SetupTypeCache (77ms)
			ReleaseScriptCaches (0ms)
			RebuildScriptCaches (18ms)
			SetupLoadedEditorAssemblies (203ms)
				LogAssemblyErrors (0ms)
				InitializePlatformSupportModulesInManaged (7ms)
				SetLoadedEditorAssemblies (0ms)
				RefreshPlugins (56ms)
				BeforeProcessingInitializeOnLoad (1ms)
				ProcessInitializeOnLoadAttributes (105ms)
				ProcessInitializeOnLoadMethodAttributes (35ms)
				AfterProcessingInitializeOnLoad (0ms)
				EditorAssembliesLoaded (0ms)
			ExecutionOrderSort2 (0ms)
			AwakeInstancesAfterBackupRestoration (0ms)
Platform modules already initialized, skipping
Registering precompiled user dll's ...
Registered in 0.004492 seconds.
Begin MonoManager ReloadAssembly
Native extension for WindowsStandalone target not found
Refreshing native plugins compatible for Editor in 59.81 ms, found 3 plugins.
Preloading 0 native plugins for Editor in 0.00 ms.
Mono: successfully reloaded assembly
- Completed reload, in  0.983 seconds
Domain Reload Profiling:
	ReloadAssembly (984ms)
		BeginReloadAssembly (94ms)
			ExecutionOrderSort (0ms)
			DisableScriptedObjects (5ms)
			BackupInstance (0ms)
			ReleaseScriptingObjects (0ms)
			CreateAndSetChildDomain (18ms)
		EndReloadAssembly (798ms)
			LoadAssemblies (76ms)
			RebuildTransferFunctionScriptingTraits (0ms)
			SetupTypeCache (195ms)
			ReleaseScriptCaches (1ms)
			RebuildScriptCaches (63ms)
			SetupLoadedEditorAssemblies (432ms)
				LogAssemblyErrors (0ms)
				InitializePlatformSupportModulesInManaged (4ms)
				SetLoadedEditorAssemblies (0ms)
				RefreshPlugins (60ms)
				BeforeProcessingInitializeOnLoad (79ms)
				ProcessInitializeOnLoadAttributes (202ms)
				ProcessInitializeOnLoadMethodAttributes (80ms)
				AfterProcessingInitializeOnLoad (8ms)
				EditorAssembliesLoaded (0ms)
			ExecutionOrderSort2 (0ms)
			AwakeInstancesAfterBackupRestoration (4ms)
Platform modules already initialized, skipping
========================================================================
Worker process is ready to serve import requests
Launched and connected shader compiler UnityShaderCompiler.exe after 0.04 seconds
Refreshing native plugins compatible for Editor in 1.31 ms, found 3 plugins.
Preloading 0 native plugins for Editor in 0.00 ms.
Unloading 4600 Unused Serialized files (Serialized files now loaded: 0)
Unloading 37 unused Assets / (1.4 MB). Loaded Objects now: 5083.
Memory consumption went from 216.5 MB to 215.1 MB.
Total: 3.875000 ms (FindLiveObjects: 0.330900 ms CreateObjectMapping: 0.154500 ms MarkObjects: 3.054700 ms  DeleteObjects: 0.334400 ms)

AssetImportParameters requested are different than current active one (requested -> active):
  custom:video-decoder-ogg-theora: a1e56fd34408186e4bbccfd4996cb3dc -> 
  custom:container-muxer-webm: aa71ff27fc2769a1b78a27578f13a17b -> 
  custom:container-demuxer-webm: 4f35f7cbe854078d1ac9338744f61a02 -> 
  custom:video-encoder-webm-vp8: eb34c28f22e8b96e1ab97ce403110664 -> 
  custom:audio-encoder-webm-vorbis: bf7c407c2cedff20999df2af8eb42d56 -> 
  custom:framework-win-MediaFoundation: 216162199b28c13a410421893ffa2e32 -> 
  custom:container-demuxer-ogg: 62fdf1f143b41e24485cea50d1cbac27 -> 
  custom:video-decoder-webm-vp8: 9c59270c3fd7afecdb556c50c9e8de78 -> 
  custom:audio-decoder-ogg-vorbis: bf7c407c2cedff20999df2af8eb42d56 -> 
========================================================================
Received Import Request.
  Time since last request: 847905.919060 seconds.
  path: Assets/Sprites/New Knight Animations/Map/The bog of unpleasant smells.png
  artifactKey: Guid(0a5207c31bb87dc41a3511cf02647a18) Importer(815301076,1909f56bfc062723c751e8b465ee728b)
Start importing Assets/Sprites/New Knight Animations/Map/The bog of unpleasant smells.png using Guid(0a5207c31bb87dc41a3511cf02647a18) Importer(815301076,1909f56bfc062723c751e8b465ee728b)  -> (artifact id: 'a69c231b7b3a589981774b4daf03cd2f') in 0.082577 seconds 
========================================================================
Received Import Request.
  Time since last request: 21.691677 seconds.
  path: Assets/Sprites/New Knight Animations/Map/The bog of unpleasant smells.png
  artifactKey: Guid(0a5207c31bb87dc41a3511cf02647a18) Importer(815301076,1909f56bfc062723c751e8b465ee728b)
Start importing Assets/Sprites/New Knight Animations/Map/The bog of unpleasant smells.png using Guid(0a5207c31bb87dc41a3511cf02647a18) Importer(815301076,1909f56bfc062723c751e8b465ee728b)  -> (artifact id: '3f23838ea9cf28575e420f1b28185b60') in 0.049591 seconds 
========================================================================
Received Import Request.
  Time since last request: 1217.283870 seconds.
  path: Assets/Resources/Water shader.shadergraph
  artifactKey: Guid(24c715a4db609564684eebba51485799) Importer(815301076,1909f56bfc062723c751e8b465ee728b)
Start importing Assets/Resources/Water shader.shadergraph using Guid(24c715a4db609564684eebba51485799) Importer(815301076,1909f56bfc062723c751e8b465ee728b)  -> (artifact id: '1eca264525b0a315b1a0283befe56d2f') in 0.008176 seconds 
========================================================================
Received Import Request.
  Time since last request: 4.360175 seconds.
  path: Assets/Resources/City Fog.vfx
  artifactKey: Guid(e3a2a8857f15dfb4cbae505db20cbbc3) Importer(815301076,1909f56bfc062723c751e8b465ee728b)
Start importing Assets/Resources/City Fog.vfx using Guid(e3a2a8857f15dfb4cbae505db20cbbc3) Importer(815301076,1909f56bfc062723c751e8b465ee728b)  -> (artifact id: '3c2d565cedb966fe84e865e1d326ffdc') in 0.116657 seconds 
========================================================================
Received Import Request.
  Time since last request: 40.917876 seconds.
  path: Assets/Resources/Water shader.shadergraph
  artifactKey: Guid(24c715a4db609564684eebba51485799) Importer(815301076,1909f56bfc062723c751e8b465ee728b)
Start importing Assets/Resources/Water shader.shadergraph using Guid(24c715a4db609564684eebba51485799) Importer(815301076,1909f56bfc062723c751e8b465ee728b)  -> (artifact id: '527d799c2e9781a7fdc403f47c644f58') in 0.002143 seconds 
========================================================================
Received Import Request.
  Time since last request: 241.715731 seconds.
  path: Assets/Resources/Shaders
  artifactKey: Guid(5da8f24ceb9b4aa4f82a8d7f58031315) Importer(815301076,1909f56bfc062723c751e8b465ee728b)
Start importing Assets/Resources/Shaders using Guid(5da8f24ceb9b4aa4f82a8d7f58031315) Importer(815301076,1909f56bfc062723c751e8b465ee728b)  -> (artifact id: 'e3e4ae31b756227211eebe630c53dd48') in 0.004634 seconds 
========================================================================
Received Import Request.
  Time since last request: 7.872424 seconds.
  path: Assets/Resources/Shaders/Water
  artifactKey: Guid(e9a61ecbd7f1ebf439d6f0a06bfa0168) Importer(815301076,1909f56bfc062723c751e8b465ee728b)
Start importing Assets/Resources/Shaders/Water using Guid(e9a61ecbd7f1ebf439d6f0a06bfa0168) Importer(815301076,1909f56bfc062723c751e8b465ee728b)  -> (artifact id: '670ea2cbf8d9fd20d35ed7751837b0f5') in 0.004474 seconds 
========================================================================
Received Import Request.
  Time since last request: 22.749036 seconds.
  path: Assets/Resources/Shaders/Bog
  artifactKey: Guid(74aa293a807552c4c8b15ca53c0c3130) Importer(815301076,1909f56bfc062723c751e8b465ee728b)
Start importing Assets/Resources/Shaders/Bog using Guid(74aa293a807552c4c8b15ca53c0c3130) Importer(815301076,1909f56bfc062723c751e8b465ee728b)  -> (artifact id: '532feba864907a8e53946188f736de92') in 0.004596 seconds 
========================================================================
Received Import Request.
  Time since last request: 28.223824 seconds.
  path: Assets/Resources/Shaders/Bog/Water Render Texture.renderTexture
  artifactKey: Guid(1f61887bd3e54c9489ba623af7f1b9bd) Importer(815301076,1909f56bfc062723c751e8b465ee728b)
Start importing Assets/Resources/Shaders/Bog/Water Render Texture.renderTexture using Guid(1f61887bd3e54c9489ba623af7f1b9bd) Importer(815301076,1909f56bfc062723c751e8b465ee728b)  -> (artifact id: 'e325d46447a8e1159d8aacdb5bf2bbfd') in 0.013536 seconds 
========================================================================
Received Import Request.
  Time since last request: 4.243153 seconds.
  path: Assets/Resources/Shaders/Bog/Bog Render Texture.renderTexture
  artifactKey: Guid(1f61887bd3e54c9489ba623af7f1b9bd) Importer(815301076,1909f56bfc062723c751e8b465ee728b)
Start importing Assets/Resources/Shaders/Bog/Bog Render Texture.renderTexture using Guid(1f61887bd3e54c9489ba623af7f1b9bd) Importer(815301076,1909f56bfc062723c751e8b465ee728b)  -> (artifact id: '7060cee41a50b7f3749da97da923ffa3') in 0.008563 seconds 
========================================================================
Received Import Request.
  Time since last request: 1.427737 seconds.
  path: Assets/Resources/Shaders/Bog/Water shader.shadergraph
  artifactKey: Guid(d228c288d91b0d246ab94a2e0c786e7c) Importer(815301076,1909f56bfc062723c751e8b465ee728b)
Start importing Assets/Resources/Shaders/Bog/Water shader.shadergraph using Guid(d228c288d91b0d246ab94a2e0c786e7c) Importer(815301076,1909f56bfc062723c751e8b465ee728b)  -> (artifact id: '6b6c55a7fa51113ce2f42e3b9f3855df') in 0.002609 seconds 
========================================================================
Received Import Request.
  Time since last request: 4.647101 seconds.
  path: Assets/Resources/Shaders/Bog/Bog shader.shadergraph
  artifactKey: Guid(d228c288d91b0d246ab94a2e0c786e7c) Importer(815301076,1909f56bfc062723c751e8b465ee728b)
Start importing Assets/Resources/Shaders/Bog/Bog shader.shadergraph using Guid(d228c288d91b0d246ab94a2e0c786e7c) Importer(815301076,1909f56bfc062723c751e8b465ee728b)  -> (artifact id: '4eecc8c8a2c35addc0ef69f74bd69bef') in 0.005052 seconds 
========================================================================
Received Import Request.
  Time since last request: 1.415509 seconds.
  path: Assets/Resources/Shaders/Bog/water texture.png
  artifactKey: Guid(4a561d63274626a47ad53af60d43a812) Importer(815301076,1909f56bfc062723c751e8b465ee728b)
Start importing Assets/Resources/Shaders/Bog/water texture.png using Guid(4a561d63274626a47ad53af60d43a812) Importer(815301076,1909f56bfc062723c751e8b465ee728b)  -> (artifact id: 'd7db5072097727fb76f34700f2ab9d22') in 0.020504 seconds 
========================================================================
Received Import Request.
  Time since last request: 8.825987 seconds.
  path: Assets/Resources/Shaders/Bog/Bog texture.png
  artifactKey: Guid(4a561d63274626a47ad53af60d43a812) Importer(815301076,1909f56bfc062723c751e8b465ee728b)
Start importing Assets/Resources/Shaders/Bog/Bog texture.png using Guid(4a561d63274626a47ad53af60d43a812) Importer(815301076,1909f56bfc062723c751e8b465ee728b)  -> (artifact id: '2e6134998c02e9d4e33abe9e44333844') in 0.019608 seconds 
========================================================================
Received Import Request.
  Time since last request: 306.685892 seconds.
  path: Assets/Resources/Shaders/Bog/Bog shader.shadergraph
  artifactKey: Guid(d228c288d91b0d246ab94a2e0c786e7c) Importer(815301076,1909f56bfc062723c751e8b465ee728b)
Start importing Assets/Resources/Shaders/Bog/Bog shader.shadergraph using Guid(d228c288d91b0d246ab94a2e0c786e7c) Importer(815301076,1909f56bfc062723c751e8b465ee728b)  -> (artifact id: '2a260583e456007c760e0ad9528e72c3') in 0.002940 seconds 
========================================================================
Received Prepare
Registering precompiled user dll's ...
Registered in 0.003679 seconds.
Begin MonoManager ReloadAssembly
Native extension for WindowsStandalone target not found
Refreshing native plugins compatible for Editor in 1.34 ms, found 3 plugins.
Preloading 0 native plugins for Editor in 0.00 ms.
Mono: successfully reloaded assembly
- Completed reload, in  1.180 seconds
Domain Reload Profiling:
	ReloadAssembly (1180ms)
		BeginReloadAssembly (153ms)
			ExecutionOrderSort (0ms)
			DisableScriptedObjects (11ms)
			BackupInstance (0ms)
			ReleaseScriptingObjects (0ms)
			CreateAndSetChildDomain (53ms)
		EndReloadAssembly (931ms)
			LoadAssemblies (91ms)
			RebuildTransferFunctionScriptingTraits (0ms)
			SetupTypeCache (269ms)
			ReleaseScriptCaches (3ms)
			RebuildScriptCaches (108ms)
			SetupLoadedEditorAssemblies (400ms)
				LogAssemblyErrors (0ms)
				InitializePlatformSupportModulesInManaged (12ms)
				SetLoadedEditorAssemblies (0ms)
				RefreshPlugins (1ms)
				BeforeProcessingInitializeOnLoad (97ms)
				ProcessInitializeOnLoadAttributes (197ms)
				ProcessInitializeOnLoadMethodAttributes (79ms)
				AfterProcessingInitializeOnLoad (12ms)
				EditorAssembliesLoaded (0ms)
			ExecutionOrderSort2 (0ms)
			AwakeInstancesAfterBackupRestoration (11ms)
Platform modules already initialized, skipping
Refreshing native plugins compatible for Editor in 1.96 ms, found 3 plugins.
Preloading 0 native plugins for Editor in 0.00 ms.
Unloading 4452 Unused Serialized files (Serialized files now loaded: 0)
Unloading 25 unused Assets / (1.4 MB). Loaded Objects now: 5177.
Memory consumption went from 213.0 MB to 211.7 MB.
Total: 4.036000 ms (FindLiveObjects: 0.296500 ms CreateObjectMapping: 0.199900 ms MarkObjects: 3.124600 ms  DeleteObjects: 0.414200 ms)

AssetImportParameters requested are different than current active one (requested -> active):
  custom:video-decoder-ogg-theora: a1e56fd34408186e4bbccfd4996cb3dc -> 
  custom:container-muxer-webm: aa71ff27fc2769a1b78a27578f13a17b -> 
  custom:container-demuxer-webm: 4f35f7cbe854078d1ac9338744f61a02 -> 
  custom:video-encoder-webm-vp8: eb34c28f22e8b96e1ab97ce403110664 -> 
  custom:audio-encoder-webm-vorbis: bf7c407c2cedff20999df2af8eb42d56 -> 
  custom:framework-win-MediaFoundation: 216162199b28c13a410421893ffa2e32 -> 
  custom:container-demuxer-ogg: 62fdf1f143b41e24485cea50d1cbac27 -> 
  custom:video-decoder-webm-vp8: 9c59270c3fd7afecdb556c50c9e8de78 -> 
  custom:audio-decoder-ogg-vorbis: bf7c407c2cedff20999df2af8eb42d56 -> 
========================================================================
Received Import Request.
  Time since last request: 2340.512153 seconds.
  path: Assets/Sprites/New Knight Animations/Map/Caves of mild inconveniences.png
  artifactKey: Guid(10dbe048defe5c24badb30c1fd76411a) Importer(815301076,1909f56bfc062723c751e8b465ee728b)
Start importing Assets/Sprites/New Knight Animations/Map/Caves of mild inconveniences.png using Guid(10dbe048defe5c24badb30c1fd76411a) Importer(815301076,1909f56bfc062723c751e8b465ee728b)  -> (artifact id: '8ef70cf63e6f220bd5e6137ec5ead0b3') in 0.271549 seconds 
========================================================================
Received Import Request.
  Time since last request: 6.363850 seconds.
  path: Assets/Sprites/New Knight Animations/Map/Caves of mild inconveniences.png
  artifactKey: Guid(10dbe048defe5c24badb30c1fd76411a) Importer(815301076,1909f56bfc062723c751e8b465ee728b)
Start importing Assets/Sprites/New Knight Animations/Map/Caves of mild inconveniences.png using Guid(10dbe048defe5c24badb30c1fd76411a) Importer(815301076,1909f56bfc062723c751e8b465ee728b)  -> (artifact id: '02183c3db5c7a6f96956e7575964de25') in 0.016044 seconds 
========================================================================
Received Import Request.
  Time since last request: 33.020750 seconds.
  path: Assets/Sprites/New Knight Animations/Map/Caves of mild inconveniences.png
  artifactKey: Guid(10dbe048defe5c24badb30c1fd76411a) Importer(815301076,1909f56bfc062723c751e8b465ee728b)
Start importing Assets/Sprites/New Knight Animations/Map/Caves of mild inconveniences.png using Guid(10dbe048defe5c24badb30c1fd76411a) Importer(815301076,1909f56bfc062723c751e8b465ee728b)  -> (artifact id: 'a9d723b869b53c3e0b9dd113c5f4e03b') in 0.026217 seconds 
========================================================================
Received Prepare
Registering precompiled user dll's ...
Registered in 0.003835 seconds.
Begin MonoManager ReloadAssembly
Native extension for WindowsStandalone target not found
Refreshing native plugins compatible for Editor in 1.19 ms, found 3 plugins.
Preloading 0 native plugins for Editor in 0.00 ms.
Mono: successfully reloaded assembly
- Completed reload, in  0.977 seconds
Domain Reload Profiling:
	ReloadAssembly (977ms)
		BeginReloadAssembly (119ms)
			ExecutionOrderSort (0ms)
			DisableScriptedObjects (6ms)
			BackupInstance (0ms)
			ReleaseScriptingObjects (0ms)
			CreateAndSetChildDomain (38ms)
		EndReloadAssembly (776ms)
			LoadAssemblies (80ms)
			RebuildTransferFunctionScriptingTraits (0ms)
			SetupTypeCache (208ms)
			ReleaseScriptCaches (2ms)
			RebuildScriptCaches (63ms)
			SetupLoadedEditorAssemblies (368ms)
				LogAssemblyErrors (0ms)
				InitializePlatformSupportModulesInManaged (11ms)
				SetLoadedEditorAssemblies (0ms)
				RefreshPlugins (1ms)
				BeforeProcessingInitializeOnLoad (95ms)
				ProcessInitializeOnLoadAttributes (182ms)
				ProcessInitializeOnLoadMethodAttributes (69ms)
				AfterProcessingInitializeOnLoad (9ms)
				EditorAssembliesLoaded (0ms)
			ExecutionOrderSort2 (0ms)
			AwakeInstancesAfterBackupRestoration (11ms)
Platform modules already initialized, skipping
Refreshing native plugins compatible for Editor in 1.93 ms, found 3 plugins.
Preloading 0 native plugins for Editor in 0.00 ms.
Unloading 4452 Unused Serialized files (Serialized files now loaded: 0)
Unloading 25 unused Assets / (1.4 MB). Loaded Objects now: 5184.
Memory consumption went from 213.1 MB to 211.7 MB.
Total: 3.589000 ms (FindLiveObjects: 0.326700 ms CreateObjectMapping: 0.141900 ms MarkObjects: 2.695400 ms  DeleteObjects: 0.424300 ms)

AssetImportParameters requested are different than current active one (requested -> active):
  custom:video-decoder-ogg-theora: a1e56fd34408186e4bbccfd4996cb3dc -> 
  custom:container-muxer-webm: aa71ff27fc2769a1b78a27578f13a17b -> 
  custom:container-demuxer-webm: 4f35f7cbe854078d1ac9338744f61a02 -> 
  custom:video-encoder-webm-vp8: eb34c28f22e8b96e1ab97ce403110664 -> 
  custom:audio-encoder-webm-vorbis: bf7c407c2cedff20999df2af8eb42d56 -> 
  custom:framework-win-MediaFoundation: 216162199b28c13a410421893ffa2e32 -> 
  custom:container-demuxer-ogg: 62fdf1f143b41e24485cea50d1cbac27 -> 
  custom:video-decoder-webm-vp8: 9c59270c3fd7afecdb556c50c9e8de78 -> 
  custom:audio-decoder-ogg-vorbis: bf7c407c2cedff20999df2af8eb42d56 -> 
========================================================================
Received Prepare
Registering precompiled user dll's ...
Registered in 0.003698 seconds.
Begin MonoManager ReloadAssembly
Native extension for WindowsStandalone target not found
Refreshing native plugins compatible for Editor in 1.14 ms, found 3 plugins.
Preloading 0 native plugins for Editor in 0.00 ms.
Mono: successfully reloaded assembly
- Completed reload, in  0.992 seconds
Domain Reload Profiling:
	ReloadAssembly (992ms)
		BeginReloadAssembly (121ms)
			ExecutionOrderSort (0ms)
			DisableScriptedObjects (6ms)
			BackupInstance (0ms)
			ReleaseScriptingObjects (0ms)
			CreateAndSetChildDomain (37ms)
		EndReloadAssembly (787ms)
			LoadAssemblies (83ms)
			RebuildTransferFunctionScriptingTraits (0ms)
			SetupTypeCache (200ms)
			ReleaseScriptCaches (2ms)
			RebuildScriptCaches (67ms)
			SetupLoadedEditorAssemblies (386ms)
				LogAssemblyErrors (0ms)
				InitializePlatformSupportModulesInManaged (11ms)
				SetLoadedEditorAssemblies (0ms)
				RefreshPlugins (1ms)
				BeforeProcessingInitializeOnLoad (95ms)
				ProcessInitializeOnLoadAttributes (195ms)
				ProcessInitializeOnLoadMethodAttributes (75ms)
				AfterProcessingInitializeOnLoad (9ms)
				EditorAssembliesLoaded (0ms)
			ExecutionOrderSort2 (0ms)
			AwakeInstancesAfterBackupRestoration (10ms)
Platform modules already initialized, skipping
Refreshing native plugins compatible for Editor in 1.92 ms, found 3 plugins.
Preloading 0 native plugins for Editor in 0.00 ms.
Unloading 4452 Unused Serialized files (Serialized files now loaded: 0)
Unloading 25 unused Assets / (1.4 MB). Loaded Objects now: 5187.
Memory consumption went from 213.3 MB to 211.9 MB.
Total: 3.324200 ms (FindLiveObjects: 0.253900 ms CreateObjectMapping: 0.136700 ms MarkObjects: 2.475800 ms  DeleteObjects: 0.456400 ms)

AssetImportParameters requested are different than current active one (requested -> active):
  custom:video-decoder-ogg-theora: a1e56fd34408186e4bbccfd4996cb3dc -> 
  custom:container-muxer-webm: aa71ff27fc2769a1b78a27578f13a17b -> 
  custom:container-demuxer-webm: 4f35f7cbe854078d1ac9338744f61a02 -> 
  custom:video-encoder-webm-vp8: eb34c28f22e8b96e1ab97ce403110664 -> 
  custom:audio-encoder-webm-vorbis: bf7c407c2cedff20999df2af8eb42d56 -> 
  custom:framework-win-MediaFoundation: 216162199b28c13a410421893ffa2e32 -> 
  custom:container-demuxer-ogg: 62fdf1f143b41e24485cea50d1cbac27 -> 
  custom:video-decoder-webm-vp8: 9c59270c3fd7afecdb556c50c9e8de78 -> 
  custom:audio-decoder-ogg-vorbis: bf7c407c2cedff20999df2af8eb42d56 -> 
========================================================================
Received Prepare
Registering precompiled user dll's ...
Registered in 0.003786 seconds.
Begin MonoManager ReloadAssembly
Native extension for WindowsStandalone target not found
Refreshing native plugins compatible for Editor in 0.96 ms, found 3 plugins.
Preloading 0 native plugins for Editor in 0.00 ms.
Mono: successfully reloaded assembly
- Completed reload, in  0.983 seconds
Domain Reload Profiling:
	ReloadAssembly (984ms)
		BeginReloadAssembly (116ms)
			ExecutionOrderSort (0ms)
			DisableScriptedObjects (7ms)
			BackupInstance (0ms)
			ReleaseScriptingObjects (0ms)
			CreateAndSetChildDomain (36ms)
		EndReloadAssembly (785ms)
			LoadAssemblies (77ms)
			RebuildTransferFunctionScriptingTraits (0ms)
			SetupTypeCache (201ms)
			ReleaseScriptCaches (3ms)
			RebuildScriptCaches (65ms)
			SetupLoadedEditorAssemblies (384ms)
				LogAssemblyErrors (0ms)
				InitializePlatformSupportModulesInManaged (10ms)
				SetLoadedEditorAssemblies (0ms)
				RefreshPlugins (1ms)
				BeforeProcessingInitializeOnLoad (92ms)
				ProcessInitializeOnLoadAttributes (194ms)
				ProcessInitializeOnLoadMethodAttributes (78ms)
				AfterProcessingInitializeOnLoad (9ms)
				EditorAssembliesLoaded (0ms)
			ExecutionOrderSort2 (0ms)
			AwakeInstancesAfterBackupRestoration (11ms)
Platform modules already initialized, skipping
Refreshing native plugins compatible for Editor in 2.04 ms, found 3 plugins.
Preloading 0 native plugins for Editor in 0.00 ms.
Unloading 4452 Unused Serialized files (Serialized files now loaded: 0)
Unloading 25 unused Assets / (1.4 MB). Loaded Objects now: 5190.
Memory consumption went from 213.3 MB to 211.9 MB.
Total: 3.477000 ms (FindLiveObjects: 0.321500 ms CreateObjectMapping: 0.214300 ms MarkObjects: 2.528400 ms  DeleteObjects: 0.412100 ms)

AssetImportParameters requested are different than current active one (requested -> active):
  custom:video-decoder-ogg-theora: a1e56fd34408186e4bbccfd4996cb3dc -> 
  custom:container-muxer-webm: aa71ff27fc2769a1b78a27578f13a17b -> 
  custom:container-demuxer-webm: 4f35f7cbe854078d1ac9338744f61a02 -> 
  custom:video-encoder-webm-vp8: eb34c28f22e8b96e1ab97ce403110664 -> 
  custom:audio-encoder-webm-vorbis: bf7c407c2cedff20999df2af8eb42d56 -> 
  custom:framework-win-MediaFoundation: 216162199b28c13a410421893ffa2e32 -> 
  custom:container-demuxer-ogg: 62fdf1f143b41e24485cea50d1cbac27 -> 
  custom:video-decoder-webm-vp8: 9c59270c3fd7afecdb556c50c9e8de78 -> 
  custom:audio-decoder-ogg-vorbis: bf7c407c2cedff20999df2af8eb42d56 -> 
